\BOOKMARK [1][-]{section.1}{\376\377\000I\000n\000t\000r\000o\000d\000u\000c\000c\000i\000\363\000n}{}% 1
\BOOKMARK [1][-]{section.2}{\376\377\000R\000e\000c\000o\000n\000o\000c\000i\000m\000i\000e\000n\000t\000o\000\040\000y\000\040\000p\000l\000a\000n\000t\000e\000a\000m\000i\000e\000n\000t\000o\000\040\000d\000e\000l\000\040\000p\000r\000o\000b\000l\000e\000m\000a}{}% 2
\BOOKMARK [2][-]{subsection.2.1}{\376\377\000P\000l\000a\000n\000t\000e\000a\000m\000i\000e\000n\000t\000o\000\040\000d\000e\000l\000\040\000p\000r\000o\000b\000l\000e\000m\000a}{section.2}% 3
\BOOKMARK [2][-]{subsection.2.2}{\376\377\000O\000b\000j\000e\000t\000i\000v\000o\000\040\000g\000e\000n\000e\000r\000a\000l}{section.2}% 4
\BOOKMARK [1][-]{section.3}{\376\377\000D\000i\000s\000e\000\361\000o\000\040\000e\000x\000p\000e\000r\000m\000i\000e\000n\000t\000a\000l}{}% 5
\BOOKMARK [2][-]{subsection.3.1}{\376\377\000D\000e\000s\000c\000r\000i\000p\000c\000i\000\363\000n\000\040\000d\000e\000t\000a\000l\000l\000a\000d\000a\000\040\000d\000e\000l\000\040\000d\000i\000s\000e\000\361\000o\000\040\000e\000x\000p\000e\000r\000i\000m\000e\000n\000t\000a\000l}{section.3}% 6
\BOOKMARK [3][-]{subsubsection.3.1.1}{\376\377\000T\000i\000p\000o\000\040\000d\000e\000\040\000d\000i\000s\000e\000\361\000o\000\040\000e\000x\000p\000e\000r\000i\000m\000e\000n\000t\000a\000l}{subsection.3.1}% 7
\BOOKMARK [3][-]{subsubsection.3.1.2}{\376\377\000D\000e\000f\000i\000n\000i\000c\000i\000o\000n\000e\000s\000\040\000d\000e\000l\000\040\000d\000i\000s\000e\000\361\000o\000\040\000e\000x\000p\000e\000r\000i\000m\000e\000n\000t\000a\000l}{subsection.3.1}% 8
\BOOKMARK [3][-]{subsubsection.3.1.3}{\376\377\000F\000a\000c\000t\000o\000r\000e\000s\000\040\000p\000r\000i\000n\000c\000i\000p\000a\000l\000e\000s}{subsection.3.1}% 9
\BOOKMARK [2][-]{subsection.3.2}{\376\377\000P\000r\000e\000v\000i\000o\000\040\000a\000l\000\040\000d\000i\000s\000e\000\361\000o\000\040\000e\000x\000p\000e\000r\000i\000m\000e\000n\000t\000a\000l}{section.3}% 10
\BOOKMARK [3][-]{subsubsection.3.2.1}{\376\377\000P\000r\000u\000e\000b\000a\000\040\000p\000i\000l\000o\000t\000o}{subsection.3.2}% 11
\BOOKMARK [3][-]{subsubsection.3.2.2}{\376\377\000R\000e\000s\000u\000l\000t\000a\000d\000o\000s\000\040\000o\000b\000t\000e\000n\000i\000d\000o\000s\000\040\000d\000e\000\040\000l\000a\000\040\000p\000r\000u\000e\000b\000a\000\040\000p\000i\000l\000o\000t\000o}{subsection.3.2}% 12
\BOOKMARK [2][-]{subsection.3.3}{\376\377\000E\000v\000i\000d\000e\000n\000c\000i\000a\000\040\000f\000o\000t\000o\000g\000r\000\341\000f\000i\000c\000a\000\040\000d\000e\000\040\000l\000a\000\040\000p\000r\000u\000e\000b\000a\000\040\000p\000i\000l\000o\000t\000o}{section.3}% 13
\BOOKMARK [2][-]{subsection.3.4}{\376\377\000A\000l\000e\000a\000t\000o\000r\000i\000z\000a\000c\000i\000\363\000n}{section.3}% 14
\BOOKMARK [2][-]{subsection.3.5}{\376\377\000A\000p\000l\000i\000c\000a\000c\000i\000\363\000n\000\040\000d\000e\000l\000\040\000d\000i\000s\000e\000\361\000o\000\040\000e\000x\000p\000e\000r\000i\000m\000e\000n\000t\000a\000l}{section.3}% 15
\BOOKMARK [3][-]{subsubsection.3.5.1}{\376\377\000E\000s\000t\000i\000m\000a\000c\000i\000\363\000n\000\040\000d\000e\000\040\000l\000o\000s\000\040\000e\000f\000e\000c\000t\000o\000s\000\040\000d\000e\000\040\000l\000o\000s\000\040\000n\000i\000v\000e\000l\000e\000s\000\040\000d\000e\000\040\000l\000o\000s\000\040\000f\000a\000c\000t\000o\000r\000e\000s\000\040\000y\000\040\000d\000e\000\040\000l\000a\000s\000\040\000i\000n\000t\000e\000r\000a\000c\000c\000i\000o\000n\000e\000s\000\050\000t\000r\000a\000t\000a\000m\000i\000e\000n\000t\000o\000s\000\051}{subsection.3.5}% 16
\BOOKMARK [2][-]{subsection.3.6}{\376\377\000G\000r\000\341\000f\000i\000c\000o\000\040\000d\000e\000\040\000l\000o\000s\000\040\000e\000f\000e\000c\000t\000o\000s\000\040\000d\000e\000\040\000l\000o\000s\000\040\000f\000a\000c\000t\000o\000r\000e\000s}{section.3}% 17
\BOOKMARK [3][-]{subsubsection.3.6.1}{\376\377\000G\000r\000\341\000f\000i\000c\000o\000\040\000d\000e\000\040\000i\000n\000t\000e\000r\000a\000c\000c\000i\000\363\000n\000\040\000d\000e\000\040\000l\000o\000s\000\040\000e\000f\000e\000c\000t\000o\000s}{subsection.3.6}% 18
\BOOKMARK [2][-]{subsection.3.7}{\376\377\000M\000o\000d\000e\000l\000o\000\040\000d\000e\000l\000\040\000d\000i\000s\000e\000\361\000o\000\040\000e\000x\000p\000e\000r\000i\000m\000e\000n\000t\000a\000l}{section.3}% 19
\BOOKMARK [3][-]{subsubsection.3.7.1}{\376\377\000S\000i\000g\000n\000i\000f\000i\000c\000a\000n\000c\000i\000a\000\040\000d\000e\000\040\000l\000o\000s\000\040\000e\000f\000e\000c\000t\000o\000s\000\040\000d\000e\000b\000i\000d\000o\000s\000\040\000a\000\040\000l\000a\000s\000\040\000i\000n\000t\000e\000r\000a\000c\000c\000i\000o\000n\000e\000s\000\040\000y\000\040\000a\000\040\000l\000o\000s\000\040\000f\000a\000c\000t\000o\000r\000e\000s}{subsection.3.7}% 20
\BOOKMARK [2][-]{subsection.3.8}{\376\377\000V\000e\000r\000i\000f\000i\000c\000a\000c\000i\000\363\000n\000\040\000d\000e\000\040\000l\000o\000s\000\040\000s\000u\000p\000u\000e\000s\000t\000o\000s\000\040\000d\000e\000\040\000l\000o\000s\000\040\000e\000r\000r\000o\000r\000e\000s\000\040\000d\000e\000l\000\040\000m\000o\000d\000e\000l\000o\000\040\000d\000e\000l\000\040\000d\000i\000s\000e\000\361\000o\000\040\000e\000x\000p\000e\000r\000i\000m\000e\000n\000t\000a\000l}{section.3}% 21
\BOOKMARK [3][-]{subsubsection.3.8.1}{\376\377\000N\000o\000r\000m\000a\000l\000i\000d\000a\000d}{subsection.3.8}% 22
\BOOKMARK [3][-]{subsubsection.3.8.2}{\376\377\000I\000n\000d\000e\000p\000e\000n\000d\000e\000n\000c\000i\000a}{subsection.3.8}% 23
\BOOKMARK [3][-]{subsubsection.3.8.3}{\376\377\000V\000a\000r\000i\000a\000n\000z\000a}{subsection.3.8}% 24
\BOOKMARK [1][-]{section.4}{\376\377\000C\000o\000m\000p\000a\000r\000a\000c\000i\000\363\000n\000\040\000d\000e\000\040\000M\000e\000d\000i\000a\000s}{}% 25
\BOOKMARK [2][-]{subsection.4.1}{\376\377\000D\000i\000f\000e\000r\000e\000n\000c\000i\000a\000\040\000d\000e\000\040\000m\000e\000d\000i\000a\000s\000\040\000d\000e\000l\000\040\000F\000a\000c\000t\000o\000r\000\040\000A}{section.4}% 26
\BOOKMARK [2][-]{subsection.4.2}{\376\377\000D\000i\000f\000e\000r\000e\000n\000c\000i\000a\000\040\000d\000e\000\040\000m\000e\000d\000i\000a\000s\000\040\000d\000e\000l\000\040\000F\000a\000c\000t\000o\000r\000\040\000B}{section.4}% 27
\BOOKMARK [2][-]{subsection.4.3}{\376\377\000C\000o\000n\000t\000r\000a\000s\000t\000e\000s\000\040\000d\000e\000\040\000m\000e\000d\000i\000a\000s}{section.4}% 28
\BOOKMARK [1][-]{section.5}{\376\377\000C\000o\000n\000c\000l\000u\000s\000i\000o\000n\000e\000s}{}% 29
\BOOKMARK [1][-]{section.6}{\376\377\000R\000e\000f\000e\000r\000e\000n\000c\000i\000a\000s}{}% 30
\BOOKMARK [1][-]{section.7}{\376\377\000A\000n\000e\000x\000o\000s}{}% 31
